<?xml version="1.0" encoding="UTF-8"?>
<testsuite name="hello.GreeterTest" tests="1" skipped="0" failures="0" errors="0" timestamp="2022-12-06T09:04:19" hostname="DESKTOP-C5Q9IMH" time="0.007">
  <properties/>
  <testcase name="greeterSaysHello" classname="hello.GreeterTest" time="0.007"/>
  <system-out><![CDATA[]]></system-out>
  <system-err><![CDATA[]]></system-err>
</testsuite>
